<?xml version="1.0" encoding="UTF-8"?>
<!-- Generated by org.testng.reporters.JUnitReportReporter -->
<testsuite skipped="1" hostname="Vladimir-MacBook-Pro.local" name="core.PrimeNumberCheckerTest" tests="1" failures="0" timestamp="13 Jul 2019 19:44:44 GMT" time="0.000" errors="0">
  <testcase name="test" time="0.000" classname="core.PrimeNumberCheckerTest">
    <skipped/>
  </testcase> <!-- test -->
</testsuite> <!-- core.PrimeNumberCheckerTest -->
